Compiled application.js  (5ms)  (pid 4882)
Compiled jquery.js  (2ms)  (pid 4882)
Compiled jquery_ujs.js  (0ms)  (pid 4882)
Compiled expenses.js  (122ms)  (pid 4882)
Compiled highcharts.js  (1ms)  (pid 4882)
Compiled home.js  (528ms)  (pid 4882)
Compiled jquery.tokeninput.js  (0ms)  (pid 4882)
Compiled rails.js  (0ms)  (pid 4882)
Compiled services.js  (153ms)  (pid 4882)
Compiled shared_times.js  (186ms)  (pid 4882)
Compiled users.js  (185ms)  (pid 4882)
Compiled application.css  (3ms)  (pid 4882)
Compiled expenses.css  (10ms)  (pid 4882)
Compiled home.css  (1ms)  (pid 4882)
Compiled services.css  (1ms)  (pid 4882)
Compiled shared_times.css  (1ms)  (pid 4882)
Compiled token-input-facebook.css  (0ms)  (pid 4882)
Compiled token-input-mac.css  (0ms)  (pid 4882)
Compiled token-input.css  (0ms)  (pid 4882)
Compiled users.css  (1ms)  (pid 4882)
Compiled application.js  (22ms)  (pid 4861)
Compiled jquery.js  (19ms)  (pid 4861)
Compiled jquery_ujs.js  (1ms)  (pid 4861)
Compiled expenses.js  (512ms)  (pid 4861)
Compiled highcharts.js  (29ms)  (pid 4861)
Compiled home.js  (131ms)  (pid 4861)
Compiled jquery.tokeninput.js  (22ms)  (pid 4861)
Compiled rails.js  (14ms)  (pid 4861)
Compiled services.js  (86ms)  (pid 4861)
Compiled shared_times.js  (108ms)  (pid 4861)
Compiled users.js  (150ms)  (pid 4861)
Compiled application.css  (3ms)  (pid 4861)
Compiled expenses.css  (27ms)  (pid 4861)
Compiled home.css  (33ms)  (pid 4861)
Compiled services.css  (1ms)  (pid 4861)
Compiled shared_times.css  (14ms)  (pid 4861)
Compiled token-input-facebook.css  (11ms)  (pid 4861)
Compiled token-input-mac.css  (0ms)  (pid 4861)
Compiled token-input.css  (0ms)  (pid 4861)
Compiled users.css  (14ms)  (pid 4861)
